<?xml version="1.0" encoding="UTF-8"?>
<!-- Generated by org.testng.reporters.JUnitReportReporter -->
<testsuite hostname="DESKTOP-NU2GF19" failures="0" tests="2" name="com.cjc.mercury_tours.webapp.tests.MTTest" time="34.849" errors="0" timestamp="15 May 2023 14:07:53 GMT" skipped="0">
  <testcase classname="com.cjc.mercury_tours.webapp.tests.MTTest" name="test" time="20.365"/>
  <testcase classname="com.cjc.mercury_tours.webapp.tests.MTTest" name="test0" time="14.484"/>
</testsuite> <!-- com.cjc.mercury_tours.webapp.tests.MTTest -->
